<?xml version="1.0" encoding="UTF-8"?>
<!-- Generated by org.testng.reporters.JUnitReportReporter -->
<testsuite hostname="Ramakant-MacBook-Air.local" name="com.raftt_m.testscripts.SampleTest" tests="1" failures="0" timestamp="6 Jul 2017 08:48:21 GMT" time="2.706" errors="0">
  <testcase name="sampletest" time="2.706" classname="com.raftt_m.testscripts.SampleTest"/>
</testsuite> <!-- com.raftt_m.testscripts.SampleTest -->
