<?xml version="1.0" encoding="UTF-8"?>
<!-- Generated by org.testng.reporters.JUnitReportReporter -->
<testsuite hostname="Ramakant-Air" name="TestScripts.Login.Login_MyUPSUserEnrollsintoMyChoiceOUS_TC_72430" tests="2" failures="0" timestamp="20 Apr 2017 13:59:12 GMT" time="672.580" errors="0">
  <testcase name="test" time="62.549" classname="TestScripts.Login.Login_MyUPSUserEnrollsintoMyChoiceOUS_TC_72430"/>
  <testcase name="test2" time="610.031" classname="TestScripts.Login.Login_MyUPSUserEnrollsintoMyChoiceOUS_TC_72430"/>
</testsuite> <!-- TestScripts.Login.Login_MyUPSUserEnrollsintoMyChoiceOUS_TC_72430 -->
