<?xml version="1.0" encoding="UTF-8"?>
<!-- Generated by org.testng.reporters.JUnitReportReporter -->
<testsuite hostname="Ramakant-Air" name="TestScripts.HybridEnrollment.HE_JoinMCEnrollmentLeaveFieldsBlank_TC_NGTest_10" tests="1" failures="0" timestamp="11 May 2017 09:18:27 GMT" time="375.668" errors="0">
  <testcase name="test" time="375.668" classname="TestScripts.HybridEnrollment.HE_JoinMCEnrollmentLeaveFieldsBlank_TC_NGTest_10"/>
</testsuite> <!-- TestScripts.HybridEnrollment.HE_JoinMCEnrollmentLeaveFieldsBlank_TC_NGTest_10 -->
