<?xml version="1.0" encoding="UTF-8"?>
<!-- Generated by org.testng.reporters.JUnitReportReporter -->
<testsuite hostname="Ramakant-Air" name="TestScripts.Tracking.TD_EDNPermittedForDDOPackage_TC_72309" tests="2" failures="0" timestamp="4 May 2017 11:56:31 GMT" time="985.229" errors="0">
  <testcase name="test1" time="70.323" classname="TestScripts.Tracking.TD_EDNPermittedForDDOPackage_TC_72309"/>
  <testcase name="validation" time="914.906" classname="TestScripts.Tracking.TD_EDNPermittedForDDOPackage_TC_72309"/>
</testsuite> <!-- TestScripts.Tracking.TD_EDNPermittedForDDOPackage_TC_72309 -->
