<?xml version="1.0" encoding="UTF-8"?>
<!-- Generated by org.testng.reporters.JUnitReportReporter -->
<testsuite hostname="Ramakant-Air" name="TestScripts.HybridEnrollment.HE_UPSIdTrackWithSpaceBlankInFields_TC_NGTest_12" tests="1" failures="0" timestamp="12 May 2017 05:49:22 GMT" time="513.580" errors="0">
  <testcase name="test" time="513.580" classname="TestScripts.HybridEnrollment.HE_UPSIdTrackWithSpaceBlankInFields_TC_NGTest_12"/>
</testsuite> <!-- TestScripts.HybridEnrollment.HE_UPSIdTrackWithSpaceBlankInFields_TC_NGTest_12 -->
