<?xml version="1.0" encoding="UTF-8"?>
<!-- Generated by org.testng.reporters.JUnitReportReporter -->
<testsuite hostname="Ramakant-MacBook-Air.local" name="TestScripts.Login.Enrollment_DuplicateEnrollmentName_TC_72215" tests="1" failures="0" timestamp="4 Apr 2017 09:00:28 GMT" time="1070.822" errors="0">
  <testcase name="Validation" time="1070.822" classname="TestScripts.Login.Enrollment_DuplicateEnrollmentName_TC_72215"/>
</testsuite> <!-- TestScripts.Login.Enrollment_DuplicateEnrollmentName_TC_72215 -->
