<?xml version="1.0" encoding="UTF-8"?>
<!-- Generated by org.testng.reporters.JUnitReportReporter -->
<testsuite hostname="Ramakant-Air" name="TestScripts.Vacation.Vacations_PickupUPSLocationPrivateNumber_73384" tests="1" failures="0" timestamp="3 May 2017 07:20:45 GMT" time="327.921" errors="0">
  <testcase name="test" time="327.921" classname="TestScripts.Vacation.Vacations_PickupUPSLocationPrivateNumber_73384"/>
</testsuite> <!-- TestScripts.Vacation.Vacations_PickupUPSLocationPrivateNumber_73384 -->
