<?xml version="1.0" encoding="UTF-8"?>
<!-- Generated by org.testng.reporters.JUnitReportReporter -->
<testsuite hostname="Ramakant-MacBook-Air.local" name="TestScripts.Tracking.TD_NonUSMCUserLeaveAtToLWN_TC_77559" tests="2" failures="0" timestamp="25 Apr 2017 06:00:08 GMT" time="494.867" errors="0">
  <testcase name="test1" time="57.729" classname="TestScripts.Tracking.TD_NonUSMCUserLeaveAtToLWN_TC_77559"/>
  <testcase name="validation" time="437.138" classname="TestScripts.Tracking.TD_NonUSMCUserLeaveAtToLWN_TC_77559"/>
</testsuite> <!-- TestScripts.Tracking.TD_NonUSMCUserLeaveAtToLWN_TC_77559 -->
