<?xml version="1.0" encoding="UTF-8"?>
<!-- Generated by org.testng.reporters.JUnitReportReporter -->
<testsuite hostname="Ramakant-MacBook-Air.local" name="TestScripts.Login.Enrollment_QuizNotGeneratedForUPSID_TC_72433" tests="1" failures="0" timestamp="3 Apr 2017 14:56:48 GMT" time="491.763" errors="0">
  <testcase name="test" time="491.763" classname="TestScripts.Login.Enrollment_QuizNotGeneratedForUPSID_TC_72433"/>
</testsuite> <!-- TestScripts.Login.Enrollment_QuizNotGeneratedForUPSID_TC_72433 -->
