<?xml version="1.0" encoding="UTF-8"?>
<!-- Generated by org.testng.reporters.JUnitReportReporter -->
<testsuite hostname="Ramakant-MacBook-Air.local" name="TestScripts.Tracking.DCR_ShipperPaysForDCR_75482" tests="1" failures="0" timestamp="4 Apr 2017 10:03:40 GMT" time="592.974" errors="0">
  <testcase name="testVerifyTransportationCharges" time="592.974" classname="TestScripts.Tracking.DCR_ShipperPaysForDCR_75482"/>
</testsuite> <!-- TestScripts.Tracking.DCR_ShipperPaysForDCR_75482 -->
