<?xml version="1.0" encoding="UTF-8"?>
<!-- Generated by org.testng.reporters.JUnitReportReporter -->
<testsuite hostname="Ramakant-MacBook-Air.local" name="TestScripts.Tracking.SP_UpgradeWithNoAccount_TC_66234" tests="2" failures="0" timestamp="9 May 2017 08:47:14 GMT" time="235.277" errors="0">
  <testcase name="test" time="97.160" classname="TestScripts.Tracking.SP_UpgradeWithNoAccount_TC_66234"/>
  <testcase name="test" time="138.117" classname="TestScripts.Tracking.SP_UpgradeWithNoAccount_TC_66234"/>
</testsuite> <!-- TestScripts.Tracking.SP_UpgradeWithNoAccount_TC_66234 -->
