<?xml version="1.0" encoding="UTF-8"?>
<!-- Generated by org.testng.reporters.JUnitReportReporter -->
<testsuite hostname="Ramakant-Air" name="TestScripts.Login.Hybrid_AccessUPSMyChoiceUserRequestCodeByMail_OUS_TC_72479" tests="1" failures="0" timestamp="25 Apr 2017 15:22:41 GMT" time="384.848" errors="0">
  <testcase name="validation" time="384.848" classname="TestScripts.Login.Hybrid_AccessUPSMyChoiceUserRequestCodeByMail_OUS_TC_72479"/>
</testsuite> <!-- TestScripts.Login.Hybrid_AccessUPSMyChoiceUserRequestCodeByMail_OUS_TC_72479 -->
