<?xml version="1.0" encoding="UTF-8"?>
<!-- Generated by org.testng.reporters.JUnitReportReporter -->
<testsuite hostname="Ramakant-MacBook-Air.local" name="com.raftt_m.testscripts.SampleTest" tests="1" failures="0" timestamp="19 Jun 2017 05:38:06 GMT" time="3.083" errors="0">
  <testcase name="sampletest" time="3.083" classname="com.raftt_m.testscripts.SampleTest"/>
</testsuite> <!-- com.raftt_m.testscripts.SampleTest -->
