<?xml version="1.0" encoding="UTF-8"?>
<!-- Generated by org.testng.reporters.JUnitReportReporter -->
<testsuite hostname="Ramakant-Air" name="TestScripts.Tablet.DCRtabletloggedInRTS_77452" tests="1" failures="0" timestamp="28 Apr 2017 05:30:21 GMT" time="367.775" errors="0">
  <testcase name="test1" time="367.775" classname="TestScripts.Tablet.DCRtabletloggedInRTS_77452"/>
</testsuite> <!-- TestScripts.Tablet.DCRtabletloggedInRTS_77452 -->
