<?xml version="1.0" encoding="UTF-8"?>
<!-- Generated by org.testng.reporters.JUnitReportReporter -->
<testsuite hostname="Ramakant-Air" name="TestScripts.Tracking.SP_AK_SurePostDCO_RerouteHI_TC_66932_Part2" tests="3" failures="0" timestamp="8 May 2017 12:02:38 GMT" time="474.415" errors="0">
  <testcase name="test" time="71.716" classname="TestScripts.Tracking.SP_AK_SurePostDCO_RerouteHI_TC_66932_Part2"/>
  <testcase name="test1" time="254.421" classname="TestScripts.Tracking.SP_AK_SurePostDCO_RerouteHI_TC_66932_Part2"/>
  <testcase name="test" time="148.278" classname="TestScripts.Tracking.SP_AK_SurePostDCO_RerouteHI_TC_66932_Part2"/>
</testsuite> <!-- TestScripts.Tracking.SP_AK_SurePostDCO_RerouteHI_TC_66932_Part2 -->
