<?xml version="1.0" encoding="UTF-8"?>
<!-- Generated by org.testng.reporters.JUnitReportReporter -->
<testsuite hostname="Ramakant-Air" name="TestScripts.HybridEnrollment.HE_HybridEnrollmentCancelsPriorToAuthentication_TC_73592" tests="1" failures="0" timestamp="12 Apr 2017 06:26:41 GMT" time="440.023" errors="0">
  <testcase name="Validation" time="440.023" classname="TestScripts.HybridEnrollment.HE_HybridEnrollmentCancelsPriorToAuthentication_TC_73592"/>
</testsuite> <!-- TestScripts.HybridEnrollment.HE_HybridEnrollmentCancelsPriorToAuthentication_TC_73592 -->
