<?xml version="1.0" encoding="UTF-8"?>
<!-- Generated by org.testng.reporters.JUnitReportReporter -->
<testsuite hostname="Ramakant-Air" name="TestScripts.Tracking.TR_SpaceOnTrackingNumberField_TC_NGTest_17" tests="1" failures="0" timestamp="12 May 2017 07:19:52 GMT" time="110.887" errors="0">
  <testcase name="validation" time="110.887" classname="TestScripts.Tracking.TR_SpaceOnTrackingNumberField_TC_NGTest_17"/>
</testsuite> <!-- TestScripts.Tracking.TR_SpaceOnTrackingNumberField_TC_NGTest_17 -->
