<?xml version="1.0" encoding="UTF-8"?>
<!-- Generated by org.testng.reporters.JUnitReportReporter -->
<testsuite hostname="Ramakant-Air" name="TestScripts.Tracking.D2R_1Z_delivered_To_UAP_72316" tests="1" failures="0" timestamp="17 Apr 2017 08:08:21 GMT" time="381.283" errors="0">
  <testcase name="test" time="381.283" classname="TestScripts.Tracking.D2R_1Z_delivered_To_UAP_72316"/>
</testsuite> <!-- TestScripts.Tracking.D2R_1Z_delivered_To_UAP_72316 -->
