<?xml version="1.0" encoding="UTF-8"?>
<!-- Generated by org.testng.reporters.JUnitReportReporter -->
<testsuite hostname="Ramakant-MacBook-Air.local" name="TestScripts.Tracking.DCO_TrackShipmentBeingHeldAtUAP_TC_72229" tests="2" failures="0" timestamp="26 Mar 2017 11:05:21 GMT" time="443.607" errors="0">
  <testcase name="test" time="72.163" classname="TestScripts.Tracking.DCO_TrackShipmentBeingHeldAtUAP_TC_72229"/>
  <testcase name="test2" time="371.444" classname="TestScripts.Tracking.DCO_TrackShipmentBeingHeldAtUAP_TC_72229"/>
</testsuite> <!-- TestScripts.Tracking.DCO_TrackShipmentBeingHeldAtUAP_TC_72229 -->
