<?xml version="1.0" encoding="UTF-8"?>
<!-- Generated by org.testng.reporters.JUnitReportReporter -->
<testsuite hostname="Ramakant-MacBook-Air.local" name="TestScripts.HybridEnrollment.HE_QuizCantBeGenerated_MyUPSID_TC_72435" tests="2" failures="0" timestamp="30 Mar 2017 12:17:32 GMT" time="306.357" errors="0">
  <testcase name="testUPSLogin1" time="79.125" classname="TestScripts.HybridEnrollment.HE_QuizCantBeGenerated_MyUPSID_TC_72435"/>
  <testcase name="Validation" time="227.232" classname="TestScripts.HybridEnrollment.HE_QuizCantBeGenerated_MyUPSID_TC_72435"/>
</testsuite> <!-- TestScripts.HybridEnrollment.HE_QuizCantBeGenerated_MyUPSID_TC_72435 -->
