<?xml version="1.0" encoding="UTF-8"?>
<!-- Generated by org.testng.reporters.JUnitReportReporter -->
<testsuite hostname="Ramakant-Air" name="TestScripts.UPSSetting.SMSAlert_Text_NGTest_27" tests="1" failures="0" timestamp="10 May 2017 07:55:29 GMT" time="334.315" errors="0">
  <testcase name="test" time="334.315" classname="TestScripts.UPSSetting.SMSAlert_Text_NGTest_27"/>
</testsuite> <!-- TestScripts.UPSSetting.SMSAlert_Text_NGTest_27 -->
