<?xml version="1.0" encoding="UTF-8"?>
<!-- Generated by org.testng.reporters.JUnitReportReporter -->
<testsuite hostname="Ramakant-Air" name="TestScripts.Login.Enrollment_CMOJoinPremiumMemberUSSendActivationCodeToMyPhone_TC_76032" tests="1" failures="0" timestamp="21 Apr 2017 08:19:03 GMT" time="1163.584" errors="0">
  <testcase name="test" time="1163.584" classname="TestScripts.Login.Enrollment_CMOJoinPremiumMemberUSSendActivationCodeToMyPhone_TC_76032"/>
</testsuite> <!-- TestScripts.Login.Enrollment_CMOJoinPremiumMemberUSSendActivationCodeToMyPhone_TC_76032 -->
