<?xml version="1.0" encoding="UTF-8"?>
<!-- Generated by org.testng.reporters.JUnitReportReporter -->
<testsuite hostname="Ramakant-Air" name="TestScripts.HybridEnrollment.HE_HybridEnrollmentNoIDVerificationNeeded_TC_73568" tests="1" failures="0" timestamp="24 Apr 2017 12:54:02 GMT" time="375.343" errors="0">
  <testcase name="Validation" time="375.343" classname="TestScripts.HybridEnrollment.HE_HybridEnrollmentNoIDVerificationNeeded_TC_73568"/>
</testsuite> <!-- TestScripts.HybridEnrollment.HE_HybridEnrollmentNoIDVerificationNeeded_TC_73568 -->
