<?xml version="1.0" encoding="UTF-8"?>
<!-- Generated by org.testng.reporters.JUnitReportReporter -->
<testsuite hostname="Ramakant-MacBook-Air.local" name="TestScripts.UPSSetting.SecurityCode_PreviouslySavedSecurityCode_TC_72814" tests="4" failures="0" timestamp="25 Mar 2017 10:21:02 GMT" time="872.289" errors="0">
  <testcase name="test1" time="106.062" classname="TestScripts.UPSSetting.SecurityCode_PreviouslySavedSecurityCode_TC_72814"/>
  <testcase name="test" time="325.344" classname="TestScripts.UPSSetting.SecurityCode_PreviouslySavedSecurityCode_TC_72814"/>
  <testcase name="test2" time="109.643" classname="TestScripts.UPSSetting.SecurityCode_PreviouslySavedSecurityCode_TC_72814"/>
  <testcase name="test3" time="331.240" classname="TestScripts.UPSSetting.SecurityCode_PreviouslySavedSecurityCode_TC_72814"/>
</testsuite> <!-- TestScripts.UPSSetting.SecurityCode_PreviouslySavedSecurityCode_TC_72814 -->
