<?xml version="1.0" encoding="UTF-8"?>
<!-- Generated by org.testng.reporters.JUnitReportReporter -->
<testsuite hostname="Ramakant-Air" name="TestScripts.UPSSetting.Payment_NGTest_29" tests="1" failures="0" timestamp="10 May 2017 06:16:55 GMT" time="346.296" errors="0">
  <testcase name="test" time="346.296" classname="TestScripts.UPSSetting.Payment_NGTest_29"/>
</testsuite> <!-- TestScripts.UPSSetting.Payment_NGTest_29 -->
