<?xml version="1.0" encoding="UTF-8"?>
<!-- Generated by org.testng.reporters.JUnitReportReporter -->
<testsuite hostname="Ramakant-Air" name="TestScripts.Tracking.TD_DeliveryChangeList_UPSUser_D2RUK_TC_75920" tests="2" failures="0" timestamp="25 Apr 2017 06:48:31 GMT" time="279.601" errors="0">
  <testcase name="test1" time="57.148" classname="TestScripts.Tracking.TD_DeliveryChangeList_UPSUser_D2RUK_TC_75920"/>
  <testcase name="validation" time="222.453" classname="TestScripts.Tracking.TD_DeliveryChangeList_UPSUser_D2RUK_TC_75920"/>
</testsuite> <!-- TestScripts.Tracking.TD_DeliveryChangeList_UPSUser_D2RUK_TC_75920 -->
