<?xml version="1.0" encoding="UTF-8"?>
<!-- Generated by org.testng.reporters.JUnitReportReporter -->
<testsuite hostname="Ramakant-MacBook-Air.local" name="TestScripts.Tracking.TD_NonUSMCLeaveAtSignatureRequired_TC_77553" tests="2" failures="0" timestamp="24 Apr 2017 07:31:00 GMT" time="274.982" errors="0">
  <testcase name="test1" time="56.587" classname="TestScripts.Tracking.TD_NonUSMCLeaveAtSignatureRequired_TC_77553"/>
  <testcase name="validation" time="218.395" classname="TestScripts.Tracking.TD_NonUSMCLeaveAtSignatureRequired_TC_77553"/>
</testsuite> <!-- TestScripts.Tracking.TD_NonUSMCLeaveAtSignatureRequired_TC_77553 -->
