<?xml version="1.0" encoding="UTF-8"?>
<!-- Generated by org.testng.reporters.JUnitReportReporter -->
<testsuite hostname="Ramakant-Air" name="TestScripts.Filters.VerifyNewOptionPlannerForNewEnrollments_80433" tests="1" failures="0" timestamp="5 May 2017 10:22:59 GMT" time="144.317" errors="0">
  <testcase name="test" time="144.317" classname="TestScripts.Filters.VerifyNewOptionPlannerForNewEnrollments_80433"/>
</testsuite> <!-- TestScripts.Filters.VerifyNewOptionPlannerForNewEnrollments_80433 -->
