<?xml version="1.0" encoding="UTF-8"?>
<!-- Generated by org.testng.reporters.JUnitReportReporter -->
<testsuite hostname="Ramakant-Air" name="TestScripts.UPSSetting.DeliveryOptions_PackageUpagrade_NGTest_26" tests="1" failures="0" timestamp="10 May 2017 07:25:19 GMT" time="261.225" errors="0">
  <testcase name="test" time="261.225" classname="TestScripts.UPSSetting.DeliveryOptions_PackageUpagrade_NGTest_26"/>
</testsuite> <!-- TestScripts.UPSSetting.DeliveryOptions_PackageUpagrade_NGTest_26 -->
