<?xml version="1.0" encoding="UTF-8"?>
<!-- Generated by org.testng.reporters.JUnitReportReporter -->
<testsuite hostname="Ramakant-Air" name="TestScripts.Tracking.TD_ConsigneeNameAndAddressShownInMCEnrollment_TC_73517" tests="1" failures="0" timestamp="27 Apr 2017 11:29:47 GMT" time="1259.952" errors="0">
  <testcase name="test" time="1259.952" classname="TestScripts.Tracking.TD_ConsigneeNameAndAddressShownInMCEnrollment_TC_73517"/>
</testsuite> <!-- TestScripts.Tracking.TD_ConsigneeNameAndAddressShownInMCEnrollment_TC_73517 -->
