<?xml version="1.0" encoding="UTF-8"?>
<!-- Generated by org.testng.reporters.JUnitReportReporter -->
<testsuite hostname="Ramakant-Air" name="TestScripts.ForgotPasswordChange.FPC_SendUPIDReminder_TC_72701" tests="1" failures="0" timestamp="11 Apr 2017 04:10:58 GMT" time="368.716" errors="0">
  <testcase name="validation" time="368.716" classname="TestScripts.ForgotPasswordChange.FPC_SendUPIDReminder_TC_72701"/>
</testsuite> <!-- TestScripts.ForgotPasswordChange.FPC_SendUPIDReminder_TC_72701 -->
