<?xml version="1.0" encoding="UTF-8"?>
<!-- Generated by org.testng.reporters.JUnitReportReporter -->
<testsuite hostname="Ramakant-MacBook-Air.local" name="TestScripts.HybridEnrollment.HE_QuizCantBeGenerated_TC_72434" tests="1" failures="0" timestamp="30 Mar 2017 07:33:57 GMT" time="470.660" errors="0">
  <testcase name="Validation" time="470.660" classname="TestScripts.HybridEnrollment.HE_QuizCantBeGenerated_TC_72434"/>
</testsuite> <!-- TestScripts.HybridEnrollment.HE_QuizCantBeGenerated_TC_72434 -->
