<?xml version="1.0" encoding="UTF-8"?>
<!-- Generated by org.testng.reporters.JUnitReportReporter -->
<testsuite hostname="Ramakant-MacBook-Air.local" name="TestScripts.Tracking.TR_KialaLocationSurePostDCO_TC_72338" tests="2" failures="0" timestamp="19 Mar 2017 07:02:07 GMT" time="1319.851" errors="0">
  <testcase name="testLoggedOut" time="368.071" classname="TestScripts.Tracking.TR_KialaLocationSurePostDCO_TC_72338"/>
  <testcase name="testMC" time="951.780" classname="TestScripts.Tracking.TR_KialaLocationSurePostDCO_TC_72338"/>
</testsuite> <!-- TestScripts.Tracking.TR_KialaLocationSurePostDCO_TC_72338 -->
