<?xml version="1.0" encoding="UTF-8"?>
<!-- Generated by org.testng.reporters.JUnitReportReporter -->
<testsuite hostname="Ramakant-Air" name="TestScripts.Login.NonUSMCNewEnrollment_TC_72652" tests="1" failures="0" timestamp="3 May 2017 10:02:25 GMT" time="376.710" errors="0">
  <testcase name="test2" time="376.710" classname="TestScripts.Login.NonUSMCNewEnrollment_TC_72652"/>
</testsuite> <!-- TestScripts.Login.NonUSMCNewEnrollment_TC_72652 -->
