<?xml version="1.0" encoding="UTF-8"?>
<!-- Generated by org.testng.reporters.JUnitReportReporter -->
<testsuite hostname="Ramakant-Air" name="TestScripts.HybridEnrollment.HE_HybridEnrollmentInNewCountries_TC_72244" tests="1" failures="0" timestamp="12 Apr 2017 10:03:04 GMT" time="409.526" errors="0">
  <testcase name="Validation" time="409.526" classname="TestScripts.HybridEnrollment.HE_HybridEnrollmentInNewCountries_TC_72244"/>
</testsuite> <!-- TestScripts.HybridEnrollment.HE_HybridEnrollmentInNewCountries_TC_72244 -->
