<?xml version="1.0" encoding="UTF-8"?>
<!-- Generated by org.testng.reporters.JUnitReportReporter -->
<testsuite hostname="Ramakant-Air" name="TestScripts.Tracking.Delivery_DCO_permitted_for_DDO_package_72299" tests="4" failures="0" timestamp="17 Apr 2017 09:05:01 GMT" time="660.679" errors="0">
  <testcase name="test" time="68.006" classname="TestScripts.Tracking.Delivery_DCO_permitted_for_DDO_package_72299"/>
  <testcase name="test3" time="260.016" classname="TestScripts.Tracking.Delivery_DCO_permitted_for_DDO_package_72299"/>
  <testcase name="test2" time="72.015" classname="TestScripts.Tracking.Delivery_DCO_permitted_for_DDO_package_72299"/>
  <testcase name="test" time="260.642" classname="TestScripts.Tracking.Delivery_DCO_permitted_for_DDO_package_72299"/>
</testsuite> <!-- TestScripts.Tracking.Delivery_DCO_permitted_for_DDO_package_72299 -->
