<?xml version="1.0" encoding="UTF-8"?>
<!-- Generated by org.testng.reporters.JUnitReportReporter -->
<testsuite hostname="Ramakant-MacBook-Air.local" name="TestScripts.Tracking.DCR_Tracks1ZRequestsRedelivertoMyAddress_72314" tests="1" failures="0" timestamp="22 Mar 2017 11:02:54 GMT" time="229.487" errors="0">
  <testcase name="test" time="229.487" classname="TestScripts.Tracking.DCR_Tracks1ZRequestsRedelivertoMyAddress_72314"/>
</testsuite> <!-- TestScripts.Tracking.DCR_Tracks1ZRequestsRedelivertoMyAddress_72314 -->
