<?xml version="1.0" encoding="UTF-8"?>
<!-- Generated by org.testng.reporters.JUnitReportReporter -->
<testsuite hostname="Ramakant-Air" name="TestScripts.Tracking.TrackingNumberLoggedInIDVerification_73518" tests="1" failures="0" timestamp="25 Apr 2017 12:29:12 GMT" time="427.160" errors="0">
  <testcase name="test1" time="427.160" classname="TestScripts.Tracking.TrackingNumberLoggedInIDVerification_73518"/>
</testsuite> <!-- TestScripts.Tracking.TrackingNumberLoggedInIDVerification_73518 -->
