<?xml version="1.0" encoding="UTF-8"?>
<!-- Generated by org.testng.reporters.JUnitReportReporter -->
<testsuite hostname="Ramakant-MacBook-Air.local" name="TestScripts.Tracking.MailInnovation_NumberLoggedIn_TC_74365" tests="2" failures="0" timestamp="24 Apr 2017 06:21:11 GMT" time="233.769" errors="0">
  <testcase name="test" time="68.879" classname="TestScripts.Tracking.MailInnovation_NumberLoggedIn_TC_74365"/>
  <testcase name="test" time="164.890" classname="TestScripts.Tracking.MailInnovation_NumberLoggedIn_TC_74365"/>
</testsuite> <!-- TestScripts.Tracking.MailInnovation_NumberLoggedIn_TC_74365 -->
