<?xml version="1.0" encoding="UTF-8"?>
<!-- Generated by org.testng.reporters.JUnitReportReporter -->
<testsuite hostname="Ramakant-MacBook-Air.local" name="TestScripts.Tracking.DCR_DeliveryChangePickUP_71950" tests="1" failures="0" timestamp="14 Apr 2017 16:28:27 GMT" time="638.747" errors="0">
  <testcase name="test" time="638.747" classname="TestScripts.Tracking.DCR_DeliveryChangePickUP_71950"/>
</testsuite> <!-- TestScripts.Tracking.DCR_DeliveryChangePickUP_71950 -->
