<?xml version="1.0" encoding="UTF-8"?>
<!-- Generated by org.testng.reporters.JUnitReportReporter -->
<testsuite hostname="Ramakant-MacBook-Air.local" name="TestScripts.HybridEnrollment.HE_HybridEnrollfromDeliveryPlanner_TC_73683" tests="1" failures="0" timestamp="29 Mar 2017 09:58:06 GMT" time="404.613" errors="0">
  <testcase name="Validation" time="404.613" classname="TestScripts.HybridEnrollment.HE_HybridEnrollfromDeliveryPlanner_TC_73683"/>
</testsuite> <!-- TestScripts.HybridEnrollment.HE_HybridEnrollfromDeliveryPlanner_TC_73683 -->
