<?xml version="1.0" encoding="UTF-8"?>
<!-- Generated by org.testng.reporters.JUnitReportReporter -->
<testsuite hostname="Ramakant-Air" name="TestScripts.Tracking.TR_FieldLengthLimit_TC_NGTest_16" tests="1" failures="0" timestamp="12 May 2017 04:57:39 GMT" time="59.622" errors="0">
  <testcase name="validation" time="59.622" classname="TestScripts.Tracking.TR_FieldLengthLimit_TC_NGTest_16"/>
</testsuite> <!-- TestScripts.Tracking.TR_FieldLengthLimit_TC_NGTest_16 -->
