<?xml version="1.0" encoding="UTF-8"?>
<!-- Generated by org.testng.reporters.JUnitReportReporter -->
<testsuite hostname="Ramakant-MacBook-Air.local" name="TestScripts.Tracking.TR_RedeliverToMyAddressLoggedIn_TC_75869" tests="1" failures="0" timestamp="17 Mar 2017 13:53:45 GMT" time="640.529" errors="0">
  <testcase name="testMC" time="640.529" classname="TestScripts.Tracking.TR_RedeliverToMyAddressLoggedIn_TC_75869"/>
</testsuite> <!-- TestScripts.Tracking.TR_RedeliverToMyAddressLoggedIn_TC_75869 -->
