<?xml version="1.0" encoding="UTF-8"?>
<!-- Generated by org.testng.reporters.JUnitReportReporter -->
<testsuite hostname="Ramakant-MacBook-Air.local" name="TestScripts.Tracking.TR_PickItUpDCO_TC_71949" tests="1" failures="0" timestamp="16 Mar 2017 12:44:51 GMT" time="1277.955" errors="0">
  <testcase name="test" time="1277.955" classname="TestScripts.Tracking.TR_PickItUpDCO_TC_71949"/>
</testsuite> <!-- TestScripts.Tracking.TR_PickItUpDCO_TC_71949 -->
