<?xml version="1.0" encoding="UTF-8"?>
<!-- Generated by org.testng.reporters.JUnitReportReporter -->
<testsuite hostname="Ramakant-Air" name="TestScripts.HybridEnrollment.HE_HybridEnrollmentWithSendCodeToMobilePhone_TC_72470" tests="1" failures="0" timestamp="13 Apr 2017 07:05:53 GMT" time="628.441" errors="0">
  <testcase name="Validation" time="628.441" classname="TestScripts.HybridEnrollment.HE_HybridEnrollmentWithSendCodeToMobilePhone_TC_72470"/>
</testsuite> <!-- TestScripts.HybridEnrollment.HE_HybridEnrollmentWithSendCodeToMobilePhone_TC_72470 -->
