<?xml version="1.0" encoding="UTF-8"?>
<!-- Generated by org.testng.reporters.JUnitReportReporter -->
<testsuite hostname="Ramakant-Air" name="TestScripts.MembershipInformation.NGTest_18_PrivacyInMenu" tests="1" failures="0" timestamp="11 May 2017 06:48:15 GMT" time="71.819" errors="0">
  <testcase name="test" time="71.819" classname="TestScripts.MembershipInformation.NGTest_18_PrivacyInMenu"/>
</testsuite> <!-- TestScripts.MembershipInformation.NGTest_18_PrivacyInMenu -->
