<?xml version="1.0" encoding="UTF-8"?>
<!-- Generated by org.testng.reporters.JUnitReportReporter -->
<testsuite hostname="Ramakant-Air" name="TestScripts.UPSSetting.DI_LeaveAtCDIPermittedForDDOPackage_TC_72307" tests="2" failures="0" timestamp="8 May 2017 06:06:27 GMT" time="523.545" errors="0">
  <testcase name="test1" time="82.665" classname="TestScripts.UPSSetting.DI_LeaveAtCDIPermittedForDDOPackage_TC_72307"/>
  <testcase name="validation" time="440.880" classname="TestScripts.UPSSetting.DI_LeaveAtCDIPermittedForDDOPackage_TC_72307"/>
</testsuite> <!-- TestScripts.UPSSetting.DI_LeaveAtCDIPermittedForDDOPackage_TC_72307 -->
