<?xml version="1.0" encoding="UTF-8"?>
<!-- Generated by org.testng.reporters.JUnitReportReporter -->
<testsuite hostname="Ramakant-Air" name="TestScripts.Filters.FL_VerifyNewOptionPlannerForHybridEnrollments_80425" tests="1" failures="0" timestamp="5 May 2017 09:53:21 GMT" time="445.918" errors="0">
  <testcase name="test" time="445.918" classname="TestScripts.Filters.FL_VerifyNewOptionPlannerForHybridEnrollments_80425"/>
</testsuite> <!-- TestScripts.Filters.FL_VerifyNewOptionPlannerForHybridEnrollments_80425 -->
