<?xml version="1.0" encoding="UTF-8"?>
<!-- Generated by org.testng.reporters.JUnitReportReporter -->
<testsuite hostname="Ramakant-MacBook-Air.local" name="TestScripts.HybridEnrollment.HybridEnrollmentUsingACommercialAddress_72437" tests="1" failures="0" timestamp="12 Apr 2017 14:07:18 GMT" time="344.555" errors="0">
  <testcase name="test" time="344.555" classname="TestScripts.HybridEnrollment.HybridEnrollmentUsingACommercialAddress_72437"/>
</testsuite> <!-- TestScripts.HybridEnrollment.HybridEnrollmentUsingACommercialAddress_72437 -->
