<?xml version="1.0" encoding="UTF-8"?>
<!-- Generated by org.testng.reporters.JUnitReportReporter -->
<testsuite hostname="Ramakant-Air" name="TestScripts.HybridEnrollment.HE_AccessUPSMyChoiceJoinAsFreeMember_TC_72472" tests="1" failures="0" timestamp="29 Mar 2017 13:19:35 GMT" time="712.677" errors="0">
  <testcase name="Validation" time="712.677" classname="TestScripts.HybridEnrollment.HE_AccessUPSMyChoiceJoinAsFreeMember_TC_72472"/>
</testsuite> <!-- TestScripts.HybridEnrollment.HE_AccessUPSMyChoiceJoinAsFreeMember_TC_72472 -->
