<?xml version="1.0" encoding="UTF-8"?>
<!-- Generated by org.testng.reporters.JUnitReportReporter -->
<testsuite hostname="Ramakant-Air" name="TestScripts.Tracking.SP_AK_SurePostDCO_RerouteHI_TC_66932_Part1" tests="3" failures="0" timestamp="8 May 2017 11:34:09 GMT" time="463.383" errors="0">
  <testcase name="test" time="69.654" classname="TestScripts.Tracking.SP_AK_SurePostDCO_RerouteHI_TC_66932_Part1"/>
  <testcase name="test" time="215.221" classname="TestScripts.Tracking.SP_AK_SurePostDCO_RerouteHI_TC_66932_Part1"/>
  <testcase name="test" time="178.508" classname="TestScripts.Tracking.SP_AK_SurePostDCO_RerouteHI_TC_66932_Part1"/>
</testsuite> <!-- TestScripts.Tracking.SP_AK_SurePostDCO_RerouteHI_TC_66932_Part1 -->
