<?xml version="1.0" encoding="UTF-8"?>
<!-- Generated by org.testng.reporters.JUnitReportReporter -->
<testsuite hostname="Ramakant-MacBook-Air.local" name="TestScripts.Tracking.TR_SurePostDCOUpgrade_AccessPoint_TC_72598" tests="1" failures="0" timestamp="19 Mar 2017 05:23:40 GMT" time="377.401" errors="0">
  <testcase name="testLoggedOut" time="377.401" classname="TestScripts.Tracking.TR_SurePostDCOUpgrade_AccessPoint_TC_72598"/>
</testsuite> <!-- TestScripts.Tracking.TR_SurePostDCOUpgrade_AccessPoint_TC_72598 -->
