<?xml version="1.0" encoding="UTF-8"?>
<!-- Generated by org.testng.reporters.JUnitReportReporter -->
<testsuite hostname="Ramakant-Air" name="TestScripts.Tracking.SP_UpgradeSuePost_TC_66294" tests="3" failures="0" timestamp="8 May 2017 11:06:32 GMT" time="599.688" errors="0">
  <testcase name="test" time="190.090" classname="TestScripts.Tracking.SP_UpgradeSuePost_TC_66294"/>
  <testcase name="test" time="78.909" classname="TestScripts.Tracking.SP_UpgradeSuePost_TC_66294"/>
  <testcase name="test" time="330.689" classname="TestScripts.Tracking.SP_UpgradeSuePost_TC_66294"/>
</testsuite> <!-- TestScripts.Tracking.SP_UpgradeSuePost_TC_66294 -->
