<?xml version="1.0" encoding="UTF-8"?>
<!-- Generated by org.testng.reporters.JUnitReportReporter -->
<testsuite hostname="Ramakant-Air" name="TestScripts.UPSSetting.Settings_NewEnroll_NGTest_28" tests="1" failures="0" timestamp="10 May 2017 05:05:22 GMT" time="303.428" errors="0">
  <testcase name="test" time="303.428" classname="TestScripts.UPSSetting.Settings_NewEnroll_NGTest_28"/>
</testsuite> <!-- TestScripts.UPSSetting.Settings_NewEnroll_NGTest_28 -->
