<?xml version="1.0" encoding="UTF-8"?>
<!-- Generated by org.testng.reporters.JUnitReportReporter -->
<testsuite hostname="Ramakant-Air" name="TestScripts.Alerts.Alerts_72356" tests="1" failures="0" timestamp="24 Apr 2017 10:28:47 GMT" time="1315.507" errors="0">
  <testcase name="test" time="1315.507" classname="TestScripts.Alerts.Alerts_72356"/>
</testsuite> <!-- TestScripts.Alerts.Alerts_72356 -->
