<?xml version="1.0" encoding="UTF-8"?>
<!-- Generated by org.testng.reporters.JUnitReportReporter -->
<testsuite hostname="Ramakant-MacBook-Air.local" name="TestScripts.ForgotPasswordChange.FPC_RequestPwdUsingInvalidEmail_TC_71758" tests="1" failures="0" timestamp="10 Apr 2017 11:01:30 GMT" time="246.479" errors="0">
  <testcase name="validation" time="246.479" classname="TestScripts.ForgotPasswordChange.FPC_RequestPwdUsingInvalidEmail_TC_71758"/>
</testsuite> <!-- TestScripts.ForgotPasswordChange.FPC_RequestPwdUsingInvalidEmail_TC_71758 -->
