<?xml version="1.0" encoding="UTF-8"?>
<!-- Generated by org.testng.reporters.JUnitReportReporter -->
<testsuite hostname="Ramakant-MacBook-Air.local" name="TestScripts.Tablet.DCOTabletRTS_77459" tests="2" failures="0" timestamp="4 May 2017 12:22:38 GMT" time="750.336" errors="0">
  <testcase name="test1" time="361.880" classname="TestScripts.Tablet.DCOTabletRTS_77459"/>
  <testcase name="test2" time="388.456" classname="TestScripts.Tablet.DCOTabletRTS_77459"/>
</testsuite> <!-- TestScripts.Tablet.DCOTabletRTS_77459 -->
