<?xml version="1.0" encoding="UTF-8"?>
<!-- Generated by org.testng.reporters.JUnitReportReporter -->
<testsuite hostname="Ramakant-MacBook-Air.local" name="TestScripts.Tracking.D2R_DeliveryOptionsRedeliverBCDN_72317" tests="1" failures="0" timestamp="22 Mar 2017 12:13:04 GMT" time="229.840" errors="0">
  <testcase name="test" time="229.840" classname="TestScripts.Tracking.D2R_DeliveryOptionsRedeliverBCDN_72317"/>
</testsuite> <!-- TestScripts.Tracking.D2R_DeliveryOptionsRedeliverBCDN_72317 -->
