<?xml version="1.0" encoding="UTF-8"?>
<!-- Generated by org.testng.reporters.JUnitReportReporter -->
<testsuite hostname="Ramakant-MacBook-Air.local" name="TestScripts.Tracking.DCO_DeliverToUAPPermittedForDDOPkg_TC_72297" tests="2" failures="0" timestamp="26 Mar 2017 10:03:06 GMT" time="239.226" errors="0">
  <testcase name="test" time="67.911" classname="TestScripts.Tracking.DCO_DeliverToUAPPermittedForDDOPkg_TC_72297"/>
  <testcase name="test2" time="171.315" classname="TestScripts.Tracking.DCO_DeliverToUAPPermittedForDDOPkg_TC_72297"/>
</testsuite> <!-- TestScripts.Tracking.DCO_DeliverToUAPPermittedForDDOPkg_TC_72297 -->
