<?xml version="1.0" encoding="UTF-8"?>
<!-- Generated by org.testng.reporters.JUnitReportReporter -->
<testsuite hostname="Ramakant-MacBook-Air.local" name="TestScripts.UPSSetting.DI_AccessDriverInstructionsInTrackingDetails_TC_72658" tests="2" failures="0" timestamp="8 May 2017 09:15:02 GMT" time="635.706" errors="0">
  <testcase name="test1" time="78.455" classname="TestScripts.UPSSetting.DI_AccessDriverInstructionsInTrackingDetails_TC_72658"/>
  <testcase name="validation" time="557.251" classname="TestScripts.UPSSetting.DI_AccessDriverInstructionsInTrackingDetails_TC_72658"/>
</testsuite> <!-- TestScripts.UPSSetting.DI_AccessDriverInstructionsInTrackingDetails_TC_72658 -->
