<?xml version="1.0" encoding="UTF-8"?>
<!-- Generated by org.testng.reporters.JUnitReportReporter -->
<testsuite hostname="Ramakant-Air" name="TestScripts.Tracking.TR_InvalidTrackingNumber_TC_NGTest_14" tests="1" failures="0" timestamp="11 May 2017 06:52:42 GMT" time="52.750" errors="0">
  <testcase name="test" time="52.750" classname="TestScripts.Tracking.TR_InvalidTrackingNumber_TC_NGTest_14"/>
</testsuite> <!-- TestScripts.Tracking.TR_InvalidTrackingNumber_TC_NGTest_14 -->
