<?xml version="1.0" encoding="UTF-8"?>
<!-- Generated by org.testng.reporters.JUnitReportReporter -->
<testsuite hostname="Ramakant-MacBook-Air.local" name="TestScripts.Login.DCO_DeliverOnAnotherDayPayPal_73377" tests="1" failures="0" timestamp="20 Mar 2017 12:22:37 GMT" time="281.358" errors="0">
  <testcase name="test" time="281.358" classname="TestScripts.Login.DCO_DeliverOnAnotherDayPayPal_73377"/>
</testsuite> <!-- TestScripts.Login.DCO_DeliverOnAnotherDayPayPal_73377 -->
