<?xml version="1.0" encoding="UTF-8"?>
<!-- Generated by org.testng.reporters.JUnitReportReporter -->
<testsuite hostname="Ramakant-MacBook-Air.local" name="TestScripts.Tracking.TR_CODGreaterThan5000ToUPSAP_TC_72365" tests="1" failures="0" timestamp="16 Mar 2017 10:03:03 GMT" time="189.403" errors="0">
  <testcase name="test" time="189.403" classname="TestScripts.Tracking.TR_CODGreaterThan5000ToUPSAP_TC_72365"/>
</testsuite> <!-- TestScripts.Tracking.TR_CODGreaterThan5000ToUPSAP_TC_72365 -->
