<?xml version="1.0" encoding="UTF-8"?>
<!-- Generated by org.testng.reporters.JUnitReportReporter -->
<testsuite hostname="Ramakant-MacBook-Air.local" name="TestScripts.ForgotPasswordChange.FPC_RequestPwdUsingInvalidUserIdAndValidEmail_TC_71760" tests="1" failures="0" timestamp="7 Apr 2017 05:04:57 GMT" time="309.951" errors="0">
  <testcase name="validation" time="309.951" classname="TestScripts.ForgotPasswordChange.FPC_RequestPwdUsingInvalidUserIdAndValidEmail_TC_71760"/>
</testsuite> <!-- TestScripts.ForgotPasswordChange.FPC_RequestPwdUsingInvalidUserIdAndValidEmail_TC_71760 -->
