<?xml version="1.0" encoding="UTF-8"?>
<!-- Generated by org.testng.reporters.JUnitReportReporter -->
<testsuite hostname="Ramakant-MacBook-Air.local" name="TestScripts.Tracking.TR_EstimatedDeliveryTime_TC_75520" tests="4" failures="0" timestamp="21 Mar 2017 10:36:28 GMT" time="391.642" errors="0">
  <testcase name="testMCVerify" time="45.414" classname="TestScripts.Tracking.TR_EstimatedDeliveryTime_TC_75520"/>
  <testcase name="testPMCVerify" time="44.617" classname="TestScripts.Tracking.TR_EstimatedDeliveryTime_TC_75520"/>
  <testcase name="testMCLogin" time="144.686" classname="TestScripts.Tracking.TR_EstimatedDeliveryTime_TC_75520"/>
  <testcase name="testPMCLogin" time="156.925" classname="TestScripts.Tracking.TR_EstimatedDeliveryTime_TC_75520"/>
</testsuite> <!-- TestScripts.Tracking.TR_EstimatedDeliveryTime_TC_75520 -->
