<?xml version="1.0" encoding="UTF-8"?>
<!-- Generated by org.testng.reporters.JUnitReportReporter -->
<testsuite hostname="Ramakant-Air" name="TestScripts.Tracking.TR_DoNotAllowDeliveryToUPSAPOrUpgrade_TC_72213" tests="1" failures="0" timestamp="25 Apr 2017 03:07:06 GMT" time="485.413" errors="0">
  <testcase name="test" time="485.413" classname="TestScripts.Tracking.TR_DoNotAllowDeliveryToUPSAPOrUpgrade_TC_72213"/>
</testsuite> <!-- TestScripts.Tracking.TR_DoNotAllowDeliveryToUPSAPOrUpgrade_TC_72213 -->
