<?xml version="1.0" encoding="UTF-8"?>
<!-- Generated by org.testng.reporters.JUnitReportReporter -->
<testsuite hostname="Ramakant-Air" name="TestScripts.Login.DCO_TrackingLoggedInMCUser_75528" tests="3" failures="0" timestamp="2 May 2017 10:27:55 GMT" time="1409.759" errors="0">
  <testcase name="testForPickUpUPSLocation" time="415.026" classname="TestScripts.Login.DCO_TrackingLoggedInMCUser_75528"/>
  <testcase name="testDeliverAnotherDay" time="416.476" classname="TestScripts.Login.DCO_TrackingLoggedInMCUser_75528"/>
  <testcase name="testForDifferentAddress" time="578.257" classname="TestScripts.Login.DCO_TrackingLoggedInMCUser_75528"/>
</testsuite> <!-- TestScripts.Login.DCO_TrackingLoggedInMCUser_75528 -->
