<?xml version="1.0" encoding="UTF-8"?>
<!-- Generated by org.testng.reporters.JUnitReportReporter -->
<testsuite hostname="Ramakant-MacBook-Air.local" name="TestScripts.HybridEnrollment.HE_NonResidentialUserTriesToEnroll_TC_72389" tests="2" failures="0" timestamp="5 May 2017 05:09:34 GMT" time="1209.870" errors="0">
  <testcase name="testMC" time="562.088" classname="TestScripts.HybridEnrollment.HE_NonResidentialUserTriesToEnroll_TC_72389"/>
  <testcase name="testMC1" time="647.782" classname="TestScripts.HybridEnrollment.HE_NonResidentialUserTriesToEnroll_TC_72389"/>
</testsuite> <!-- TestScripts.HybridEnrollment.HE_NonResidentialUserTriesToEnroll_TC_72389 -->
