<?xml version="1.0" encoding="UTF-8"?>
<!-- Generated by org.testng.reporters.JUnitReportReporter -->
<testsuite hostname="Ramakant-Air" name="TestScripts.Tracking.TR_ShipmentThatDisplayedMessageGetsDelivered_TC_72226" tests="8" failures="0" timestamp="23 Mar 2017 08:32:57 GMT" time="869.568" errors="0">
  <testcase name="testMC1" time="108.761" classname="TestScripts.Tracking.TR_ShipmentThatDisplayedMessageGetsDelivered_TC_72226"/>
  <testcase name="testMC3" time="145.089" classname="TestScripts.Tracking.TR_ShipmentThatDisplayedMessageGetsDelivered_TC_72226"/>
  <testcase name="testPMC1" time="107.339" classname="TestScripts.Tracking.TR_ShipmentThatDisplayedMessageGetsDelivered_TC_72226"/>
  <testcase name="testPMC2" time="108.485" classname="TestScripts.Tracking.TR_ShipmentThatDisplayedMessageGetsDelivered_TC_72226"/>
  <testcase name="testPMC3" time="148.000" classname="TestScripts.Tracking.TR_ShipmentThatDisplayedMessageGetsDelivered_TC_72226"/>
  <testcase name="testMCLogin" time="69.417" classname="TestScripts.Tracking.TR_ShipmentThatDisplayedMessageGetsDelivered_TC_72226"/>
  <testcase name="testPMCLogin" time="72.289" classname="TestScripts.Tracking.TR_ShipmentThatDisplayedMessageGetsDelivered_TC_72226"/>
  <testcase name="testMC2" time="110.188" classname="TestScripts.Tracking.TR_ShipmentThatDisplayedMessageGetsDelivered_TC_72226"/>
</testsuite> <!-- TestScripts.Tracking.TR_ShipmentThatDisplayedMessageGetsDelivered_TC_72226 -->
