<?xml version="1.0" encoding="UTF-8"?>
<!-- Generated by org.testng.reporters.JUnitReportReporter -->
<testsuite hostname="Ramakant-Air" name="TestScripts.ForgotPasswordChange.FPC_ErrorMessage_SendUPSIdReminder_TC_NGTest_32" tests="1" failures="0" timestamp="29 May 2017 06:35:37 GMT" time="80.615" errors="0">
  <testcase name="validation" time="80.615" classname="TestScripts.ForgotPasswordChange.FPC_ErrorMessage_SendUPSIdReminder_TC_NGTest_32"/>
</testsuite> <!-- TestScripts.ForgotPasswordChange.FPC_ErrorMessage_SendUPSIdReminder_TC_NGTest_32 -->
