<?xml version="1.0" encoding="UTF-8"?>
<!-- Generated by org.testng.reporters.JUnitReportReporter -->
<testsuite hostname="Ramakant-Air" name="TestScripts.Tracking.SP_US48_SurePostDCO_Reroute_HI_TC_66933" tests="4" failures="0" timestamp="11 May 2017 12:09:30 GMT" time="703.378" errors="0">
  <testcase name="test" time="70.164" classname="TestScripts.Tracking.SP_US48_SurePostDCO_Reroute_HI_TC_66933"/>
  <testcase name="test1" time="165.477" classname="TestScripts.Tracking.SP_US48_SurePostDCO_Reroute_HI_TC_66933"/>
  <testcase name="test1" time="181.067" classname="TestScripts.Tracking.SP_US48_SurePostDCO_Reroute_HI_TC_66933"/>
  <testcase name="test1" time="286.670" classname="TestScripts.Tracking.SP_US48_SurePostDCO_Reroute_HI_TC_66933"/>
</testsuite> <!-- TestScripts.Tracking.SP_US48_SurePostDCO_Reroute_HI_TC_66933 -->
