<?xml version="1.0" encoding="UTF-8"?>
<!-- Generated by org.testng.reporters.JUnitReportReporter -->
<testsuite hostname="Ramakant-MacBook-Air.local" name="com.raftt_m.testscripts.SampleTest" tests="1" failures="0" timestamp="16 Jun 2017 09:05:09 GMT" time="2.932" errors="0">
  <testcase name="sampletest" time="2.932" classname="com.raftt_m.testscripts.SampleTest"/>
</testsuite> <!-- com.raftt_m.testscripts.SampleTest -->
