<?xml version="1.0" encoding="UTF-8"?>
<!-- Generated by org.testng.reporters.JUnitReportReporter -->
<testsuite hostname="Ramakant-MacBook-Air.local" name="TestScripts.Tracking.SurePost_UpgradeMember_TC_73304" tests="4" failures="0" timestamp="3 Apr 2017 14:45:37 GMT" time="909.946" errors="0">
  <testcase name="test1" time="75.316" classname="TestScripts.Tracking.SurePost_UpgradeMember_TC_73304"/>
  <testcase name="validation" time="383.425" classname="TestScripts.Tracking.SurePost_UpgradeMember_TC_73304"/>
  <testcase name="test2" time="74.792" classname="TestScripts.Tracking.SurePost_UpgradeMember_TC_73304"/>
  <testcase name="validation2" time="376.413" classname="TestScripts.Tracking.SurePost_UpgradeMember_TC_73304"/>
</testsuite> <!-- TestScripts.Tracking.SurePost_UpgradeMember_TC_73304 -->
