<?xml version="1.0" encoding="UTF-8"?>
<!-- Generated by org.testng.reporters.JUnitReportReporter -->
<testsuite hostname="Ramakant-Air" name="TestScripts.MembershipInformation.MI_US_MC_ChangePhoneLocale_TC_76024" tests="2" failures="0" timestamp="19 Apr 2017 12:27:15 GMT" time="361.587" errors="0">
  <testcase name="testMCLogin" time="57.338" classname="TestScripts.MembershipInformation.MI_US_MC_ChangePhoneLocale_TC_76024"/>
  <testcase name="testMC" time="304.249" classname="TestScripts.MembershipInformation.MI_US_MC_ChangePhoneLocale_TC_76024"/>
</testsuite> <!-- TestScripts.MembershipInformation.MI_US_MC_ChangePhoneLocale_TC_76024 -->
