<?xml version="1.0" encoding="UTF-8"?>
<!-- Generated by org.testng.reporters.JUnitReportReporter -->
<testsuite hostname="Ramakant-Air" name="TestScripts.FindLocation.FL_EnterASpaceInTheEnterSearchLocationTextField_TC_NGTest_13" tests="1" failures="0" timestamp="12 May 2017 05:21:27 GMT" time="98.617" errors="0">
  <testcase name="validation" time="98.617" classname="TestScripts.FindLocation.FL_EnterASpaceInTheEnterSearchLocationTextField_TC_NGTest_13"/>
</testsuite> <!-- TestScripts.FindLocation.FL_EnterASpaceInTheEnterSearchLocationTextField_TC_NGTest_13 -->
