<?xml version="1.0" encoding="UTF-8"?>
<!-- Generated by org.testng.reporters.JUnitReportReporter -->
<testsuite hostname="Ramakant-Air" name="TestScripts.PaymentOptions.AutomaticUpgradeSurePostAccountSaved_72575" tests="1" failures="0" timestamp="27 Apr 2017 12:05:22 GMT" time="290.482" errors="0">
  <testcase name="test" time="290.482" classname="TestScripts.PaymentOptions.AutomaticUpgradeSurePostAccountSaved_72575"/>
</testsuite> <!-- TestScripts.PaymentOptions.AutomaticUpgradeSurePostAccountSaved_72575 -->
