<?xml version="1.0" encoding="UTF-8"?>
<!-- Generated by org.testng.reporters.JUnitReportReporter -->
<testsuite hostname="Ramakant-MacBook-Air.local" name="TestScripts.HybridEnrollment.HE_HybridEnrollWithNameAndAddressAlreadyUsedNonUS_TC_72394" tests="1" failures="0" timestamp="29 Mar 2017 09:03:32 GMT" time="355.202" errors="0">
  <testcase name="Validation" time="355.202" classname="TestScripts.HybridEnrollment.HE_HybridEnrollWithNameAndAddressAlreadyUsedNonUS_TC_72394"/>
</testsuite> <!-- TestScripts.HybridEnrollment.HE_HybridEnrollWithNameAndAddressAlreadyUsedNonUS_TC_72394 -->
