<?xml version="1.0" encoding="UTF-8"?>
<!-- Generated by org.testng.reporters.JUnitReportReporter -->
<testsuite hostname="Ramakant-Air" name="TestScripts.Tracking.TR_DeliverToAnotherAddressDCO_LWN_TC_77361" tests="1" failures="0" timestamp="24 Apr 2017 15:15:48 GMT" time="786.790" errors="0">
  <testcase name="testMC" time="786.790" classname="TestScripts.Tracking.TR_DeliverToAnotherAddressDCO_LWN_TC_77361"/>
</testsuite> <!-- TestScripts.Tracking.TR_DeliverToAnotherAddressDCO_LWN_TC_77361 -->
