<?xml version="1.0" encoding="UTF-8"?>
<!-- Generated by org.testng.reporters.JUnitReportReporter -->
<testsuite hostname="Ramakant-Air" name="TestScripts.HybridEnrollment.HE_HybridEnrollmentWithNameAndAddressAlreadyUsed_TC_72440" tests="1" failures="0" timestamp="12 Apr 2017 09:48:03 GMT" time="517.969" errors="0">
  <testcase name="Validation" time="517.969" classname="TestScripts.HybridEnrollment.HE_HybridEnrollmentWithNameAndAddressAlreadyUsed_TC_72440"/>
</testsuite> <!-- TestScripts.HybridEnrollment.HE_HybridEnrollmentWithNameAndAddressAlreadyUsed_TC_72440 -->
