<?xml version="1.0" encoding="UTF-8"?>
<!-- Generated by org.testng.reporters.JUnitReportReporter -->
<testsuite hostname="Ramakant-Air" name="TestScripts.Tracking.DCR_D2R_BCDN_ApplyPickMypackageAtUPSLocation_77702" tests="2" failures="0" timestamp="14 Apr 2017 09:58:09 GMT" time="660.839" errors="0">
  <testcase name="test2" time="594.412" classname="TestScripts.Tracking.DCR_D2R_BCDN_ApplyPickMypackageAtUPSLocation_77702"/>
  <testcase name="test1" time="66.427" classname="TestScripts.Tracking.DCR_D2R_BCDN_ApplyPickMypackageAtUPSLocation_77702"/>
</testsuite> <!-- TestScripts.Tracking.DCR_D2R_BCDN_ApplyPickMypackageAtUPSLocation_77702 -->
