<?xml version="1.0" encoding="UTF-8"?>
<!-- Generated by org.testng.reporters.JUnitReportReporter -->
<testsuite hostname="Ramakant-MacBook-Air.local" name="TestScripts.Tracking.DCR_TrackShipmentAtUPSAccessPoint_72228" tests="1" failures="0" timestamp="4 May 2017 10:42:03 GMT" time="405.850" errors="0">
  <testcase name="test" time="405.850" classname="TestScripts.Tracking.DCR_TrackShipmentAtUPSAccessPoint_72228"/>
</testsuite> <!-- TestScripts.Tracking.DCR_TrackShipmentAtUPSAccessPoint_72228 -->
