<?xml version="1.0" encoding="UTF-8"?>
<!-- Generated by org.testng.reporters.JUnitReportReporter -->
<testsuite hostname="Ramakant-MacBook-Air.local" name="TestScripts.Tracking.TR_DCOKialaLocationDelToUPSAP_TC_72341" tests="1" failures="0" timestamp="6 Apr 2017 13:32:38 GMT" time="732.109" errors="0">
  <testcase name="test" time="732.109" classname="TestScripts.Tracking.TR_DCOKialaLocationDelToUPSAP_TC_72341"/>
</testsuite> <!-- TestScripts.Tracking.TR_DCOKialaLocationDelToUPSAP_TC_72341 -->
