<?xml version="1.0" encoding="UTF-8"?>
<!-- Generated by org.testng.reporters.JUnitReportReporter -->
<testsuite hostname="Ramakant-Air" name="TestScripts.ForgotPasswordChange.FPC_ResetPwdWithWrongTempPwd_75693" tests="1" failures="0" timestamp="11 Apr 2017 10:33:23 GMT" time="250.921" errors="0">
  <testcase name="validation" time="250.921" classname="TestScripts.ForgotPasswordChange.FPC_ResetPwdWithWrongTempPwd_75693"/>
</testsuite> <!-- TestScripts.ForgotPasswordChange.FPC_ResetPwdWithWrongTempPwd_75693 -->
