<?xml version="1.0" encoding="UTF-8"?>
<!-- Generated by org.testng.reporters.JUnitReportReporter -->
<testsuite hostname="Ramakant-Air" name="TestScripts.Tracking.DCRNonUSShowTaxes_72165" tests="1" failures="0" timestamp="18 Apr 2017 13:51:22 GMT" time="632.401" errors="0">
  <testcase name="test" time="632.401" classname="TestScripts.Tracking.DCRNonUSShowTaxes_72165"/>
</testsuite> <!-- TestScripts.Tracking.DCRNonUSShowTaxes_72165 -->
