<?xml version="1.0" encoding="UTF-8"?>
<!-- Generated by org.testng.reporters.JUnitReportReporter -->
<testsuite hostname="Ramakant-Air" name="TestScripts.HybridEnrollment.HE_JoinMCEnrollmentWithSpaceInFields_TC_NGTest_11" tests="1" failures="0" timestamp="12 May 2017 05:59:09 GMT" time="420.080" errors="0">
  <testcase name="test" time="420.080" classname="TestScripts.HybridEnrollment.HE_JoinMCEnrollmentWithSpaceInFields_TC_NGTest_11"/>
</testsuite> <!-- TestScripts.HybridEnrollment.HE_JoinMCEnrollmentWithSpaceInFields_TC_NGTest_11 -->
