<?xml version="1.0" encoding="UTF-8"?>
<!-- Generated by org.testng.reporters.JUnitReportReporter -->
<testsuite hostname="Ramakant-Air" name="TestScripts.ForgotPasswordChange.FPC_RequestPwdRequestUsingValidUserIdAndEmail_TC_71761" tests="1" failures="0" timestamp="11 Apr 2017 03:16:08 GMT" time="286.721" errors="0">
  <testcase name="validation" time="286.721" classname="TestScripts.ForgotPasswordChange.FPC_RequestPwdRequestUsingValidUserIdAndEmail_TC_71761"/>
</testsuite> <!-- TestScripts.ForgotPasswordChange.FPC_RequestPwdRequestUsingValidUserIdAndEmail_TC_71761 -->
