<?xml version="1.0" encoding="UTF-8"?>
<!-- Generated by org.testng.reporters.JUnitReportReporter -->
<testsuite hostname="Ramakant-Air" name="TestScripts.Alerts.Alerts_72357" tests="2" failures="0" timestamp="2 May 2017 12:02:14 GMT" time="973.724" errors="0">
  <testcase name="test" time="505.044" classname="TestScripts.Alerts.Alerts_72357"/>
  <testcase name="testForPremium" time="468.680" classname="TestScripts.Alerts.Alerts_72357"/>
</testsuite> <!-- TestScripts.Alerts.Alerts_72357 -->
