<?xml version="1.0" encoding="UTF-8"?>
<!-- Generated by org.testng.reporters.JUnitReportReporter -->
<testsuite hostname="Ramakant-Air" name="TestScripts.Filters.FL_VerifyNewOptionPlannerForNewEnrollments_RegisterandEnroll_80426" tests="1" failures="0" timestamp="5 May 2017 10:13:01 GMT" time="428.556" errors="0">
  <testcase name="test" time="428.556" classname="TestScripts.Filters.FL_VerifyNewOptionPlannerForNewEnrollments_RegisterandEnroll_80426"/>
</testsuite> <!-- TestScripts.Filters.FL_VerifyNewOptionPlannerForNewEnrollments_RegisterandEnroll_80426 -->
