<?xml version="1.0" encoding="UTF-8"?>
<!-- Generated by org.testng.reporters.JUnitReportReporter -->
<testsuite hostname="Ramakant-MacBook-Air.local" name="TestScripts.HybridEnrollment.HE_QuizCantBeGenerated_HybridLetterOnlyOption_TC_72436" tests="1" failures="0" timestamp="31 Mar 2017 06:52:42 GMT" time="464.875" errors="0">
  <testcase name="Validation" time="464.875" classname="TestScripts.HybridEnrollment.HE_QuizCantBeGenerated_HybridLetterOnlyOption_TC_72436"/>
</testsuite> <!-- TestScripts.HybridEnrollment.HE_QuizCantBeGenerated_HybridLetterOnlyOption_TC_72436 -->
