<?xml version="1.0" encoding="UTF-8"?>
<!-- Generated by org.testng.reporters.JUnitReportReporter -->
<testsuite hostname="Ramakant-Air" name="TestScripts.Tracking.DCR_USNoTaxesAppear_75812" tests="1" failures="0" timestamp="13 Apr 2017 13:02:46 GMT" time="841.880" errors="0">
  <testcase name="test" time="841.880" classname="TestScripts.Tracking.DCR_USNoTaxesAppear_75812"/>
</testsuite> <!-- TestScripts.Tracking.DCR_USNoTaxesAppear_75812 -->
