<?xml version="1.0" encoding="UTF-8"?>
<!-- Generated by org.testng.reporters.JUnitReportReporter -->
<testsuite hostname="Ramakant-MacBook-Air.local" name="TestScripts.DeliveryOptions.DO_DriverInstructionSecCodeShipRel_TC_71705" tests="4" failures="0" timestamp="18 Mar 2017 10:26:58 GMT" time="1102.200" errors="0">
  <testcase name="testMCLogin" time="107.244" classname="TestScripts.DeliveryOptions.DO_DriverInstructionSecCodeShipRel_TC_71705"/>
  <testcase name="testPMC" time="449.397" classname="TestScripts.DeliveryOptions.DO_DriverInstructionSecCodeShipRel_TC_71705"/>
  <testcase name="testPMCLogin" time="105.769" classname="TestScripts.DeliveryOptions.DO_DriverInstructionSecCodeShipRel_TC_71705"/>
  <testcase name="testMC" time="439.790" classname="TestScripts.DeliveryOptions.DO_DriverInstructionSecCodeShipRel_TC_71705"/>
</testsuite> <!-- TestScripts.DeliveryOptions.DO_DriverInstructionSecCodeShipRel_TC_71705 -->
