<?xml version="1.0" encoding="UTF-8"?>
<!-- Generated by org.testng.reporters.JUnitReportReporter -->
<testsuite hostname="Ramakant-MacBook-Air.local" name="TestScripts.MembershipInformation.MI_UpdateEnrollmentAddress_TC_72035" tests="2" failures="0" timestamp="3 Apr 2017 12:45:04 GMT" time="299.469" errors="0">
  <testcase name="test" time="103.707" classname="TestScripts.MembershipInformation.MI_UpdateEnrollmentAddress_TC_72035"/>
  <testcase name="test1" time="195.762" classname="TestScripts.MembershipInformation.MI_UpdateEnrollmentAddress_TC_72035"/>
</testsuite> <!-- TestScripts.MembershipInformation.MI_UpdateEnrollmentAddress_TC_72035 -->
