<?xml version="1.0" encoding="UTF-8"?>
<!-- Generated by org.testng.reporters.JUnitReportReporter -->
<testsuite hostname="Ramakant-Air" name="TestScripts.HybridEnrollment.HE_CompareUPSMyChoiceServiceLevelsScreen_TC_72634" tests="1" failures="0" timestamp="24 Apr 2017 13:55:30 GMT" time="278.766" errors="0">
  <testcase name="Validation" time="278.766" classname="TestScripts.HybridEnrollment.HE_CompareUPSMyChoiceServiceLevelsScreen_TC_72634"/>
</testsuite> <!-- TestScripts.HybridEnrollment.HE_CompareUPSMyChoiceServiceLevelsScreen_TC_72634 -->
