<?xml version="1.0" encoding="UTF-8"?>
<!-- Generated by org.testng.reporters.JUnitReportReporter -->
<testsuite hostname="Ramakant-Air" name="TestScripts.Tracking.DCO_EPRAShipmentLoggedIn_73228" tests="2" failures="0" timestamp="19 Apr 2017 13:37:46 GMT" time="1021.756" errors="0">
  <testcase name="test04ReturnToSender" time="298.265" classname="TestScripts.Tracking.DCO_EPRAShipmentLoggedIn_73228"/>
  <testcase name="test03PickUpLoaction" time="723.491" classname="TestScripts.Tracking.DCO_EPRAShipmentLoggedIn_73228"/>
</testsuite> <!-- TestScripts.Tracking.DCO_EPRAShipmentLoggedIn_73228 -->
