<?xml version="1.0" encoding="UTF-8"?>
<!-- Generated by org.testng.reporters.JUnitReportReporter -->
<testsuite hostname="Ramakant-Air" name="TestScripts.UPSSetting.EnhancedSelection_ShipmentRelease_TC_75678" tests="2" failures="0" timestamp="8 May 2017 04:49:21 GMT" time="436.155" errors="0">
  <testcase name="test1" time="118.440" classname="TestScripts.UPSSetting.EnhancedSelection_ShipmentRelease_TC_75678"/>
  <testcase name="validation" time="317.715" classname="TestScripts.UPSSetting.EnhancedSelection_ShipmentRelease_TC_75678"/>
</testsuite> <!-- TestScripts.UPSSetting.EnhancedSelection_ShipmentRelease_TC_75678 -->
