<?xml version="1.0" encoding="UTF-8"?>
<!-- Generated by org.testng.reporters.JUnitReportReporter -->
<testsuite hostname="Ramakant-MacBook-Air.local" name="TestScripts.Login.DCO_USNoTaxes_72161" tests="1" failures="0" timestamp="20 Mar 2017 13:02:21 GMT" time="779.064" errors="0">
  <testcase name="test_MC" time="779.064" classname="TestScripts.Login.DCO_USNoTaxes_72161"/>
</testsuite> <!-- TestScripts.Login.DCO_USNoTaxes_72161 -->
