<?xml version="1.0" encoding="UTF-8"?>
<!-- Generated by org.testng.reporters.JUnitReportReporter -->
<testsuite hostname="Ramakant-MacBook-Air.local" name="TestScripts.Tracking.Freight_DeliveryConfirmation_66298" tests="1" failures="0" timestamp="12 Apr 2017 13:03:42 GMT" time="248.241" errors="0">
  <testcase name="validation" time="248.241" classname="TestScripts.Tracking.Freight_DeliveryConfirmation_66298"/>
</testsuite> <!-- TestScripts.Tracking.Freight_DeliveryConfirmation_66298 -->
