<?xml version="1.0" encoding="UTF-8"?>
<!-- Generated by org.testng.reporters.JUnitReportReporter -->
<testsuite hostname="Ramakant-Air" name="TestScripts.Tracking.DCR_PickUpPackageUPSLocation_76101" tests="1" failures="0" timestamp="19 Apr 2017 14:07:06 GMT" time="575.603" errors="0">
  <testcase name="test" time="575.603" classname="TestScripts.Tracking.DCR_PickUpPackageUPSLocation_76101"/>
</testsuite> <!-- TestScripts.Tracking.DCR_PickUpPackageUPSLocation_76101 -->
