<?xml version="1.0" encoding="UTF-8"?>
<!-- Generated by org.testng.reporters.JUnitReportReporter -->
<testsuite hostname="Ramakant-Air" name="TestScripts.Tracking.TD_DeliveryChangeList_UPSUser_D2R_TC_75920" tests="2" failures="0" timestamp="25 Apr 2017 06:58:23 GMT" time="254.782" errors="0">
  <testcase name="test1" time="68.227" classname="TestScripts.Tracking.TD_DeliveryChangeList_UPSUser_D2R_TC_75920"/>
  <testcase name="validation" time="186.555" classname="TestScripts.Tracking.TD_DeliveryChangeList_UPSUser_D2R_TC_75920"/>
</testsuite> <!-- TestScripts.Tracking.TD_DeliveryChangeList_UPSUser_D2R_TC_75920 -->
