<?xml version="1.0" encoding="UTF-8"?>
<!-- Generated by org.testng.reporters.JUnitReportReporter -->
<testsuite hostname="Ramakant-Air" name="TestScripts.Login.LO_UserIDInvalid_TC_71755" tests="1" failures="0" timestamp="23 Mar 2017 09:23:54 GMT" time="111.277" errors="0">
  <testcase name="testMCLogin" time="111.277" classname="TestScripts.Login.LO_UserIDInvalid_TC_71755"/>
</testsuite> <!-- TestScripts.Login.LO_UserIDInvalid_TC_71755 -->
