<?xml version="1.0" encoding="UTF-8"?>
<!-- Generated by org.testng.reporters.JUnitReportReporter -->
<testsuite hostname="Ramakant-Air" name="TestScripts.Tracking.SP_UpgradeWithCC_TC_66122" tests="4" failures="0" timestamp="9 May 2017 12:47:01 GMT" time="603.702" errors="0">
  <testcase name="test" time="188.467" classname="TestScripts.Tracking.SP_UpgradeWithCC_TC_66122"/>
  <testcase name="test3" time="96.478" classname="TestScripts.Tracking.SP_UpgradeWithCC_TC_66122"/>
  <testcase name="test1" time="108.681" classname="TestScripts.Tracking.SP_UpgradeWithCC_TC_66122"/>
  <testcase name="test2" time="210.076" classname="TestScripts.Tracking.SP_UpgradeWithCC_TC_66122"/>
</testsuite> <!-- TestScripts.Tracking.SP_UpgradeWithCC_TC_66122 -->
