<?xml version="1.0" encoding="UTF-8"?>
<!-- Generated by org.testng.reporters.JUnitReportReporter -->
<testsuite hostname="Ramakant-Air" name="TestScripts.Tracking.DCR_D2R_BCDNTracking_ApplyReturnToSende_TC_77706" tests="1" failures="0" timestamp="14 Apr 2017 06:55:02 GMT" time="367.715" errors="0">
  <testcase name="validation" time="367.715" classname="TestScripts.Tracking.DCR_D2R_BCDNTracking_ApplyReturnToSende_TC_77706"/>
</testsuite> <!-- TestScripts.Tracking.DCR_D2R_BCDNTracking_ApplyReturnToSende_TC_77706 -->
