<?xml version="1.0" encoding="UTF-8"?>
<!-- Generated by org.testng.reporters.JUnitReportReporter -->
<testsuite hostname="Ramakant-Air" name="TestScripts.ForgotPasswordChange.FPC_ErrorMessage_SendTempPassword_TC_NGTest_31" tests="1" failures="0" timestamp="16 May 2017 09:01:47 GMT" time="147.063" errors="0">
  <testcase name="validation" time="147.063" classname="TestScripts.ForgotPasswordChange.FPC_ErrorMessage_SendTempPassword_TC_NGTest_31"/>
</testsuite> <!-- TestScripts.ForgotPasswordChange.FPC_ErrorMessage_SendTempPassword_TC_NGTest_31 -->
