<?xml version="1.0" encoding="UTF-8"?>
<!-- Generated by org.testng.reporters.JUnitReportReporter -->
<testsuite hostname="Ramakant-MacBook-Air.local" name="TestScripts.Login.DCO_NonUsTaxes_72162" tests="1" failures="0" timestamp="21 Mar 2017 10:19:47 GMT" time="444.961" errors="0">
  <testcase name="test" time="444.961" classname="TestScripts.Login.DCO_NonUsTaxes_72162"/>
</testsuite> <!-- TestScripts.Login.DCO_NonUsTaxes_72162 -->
