<?xml version="1.0" encoding="UTF-8"?>
<!-- Generated by org.testng.reporters.JUnitReportReporter -->
<testsuite hostname="Ramakant-MacBook-Air.local" name="TestScripts.ForgotPasswordChange.FPC_LoginUserIDAndPasswordBothInvalid_TC_71836" tests="1" failures="0" timestamp="7 Apr 2017 05:55:54 GMT" time="208.955" errors="0">
  <testcase name="validation" time="208.955" classname="TestScripts.ForgotPasswordChange.FPC_LoginUserIDAndPasswordBothInvalid_TC_71836"/>
</testsuite> <!-- TestScripts.ForgotPasswordChange.FPC_LoginUserIDAndPasswordBothInvalid_TC_71836 -->
