<?xml version="1.0" encoding="UTF-8"?>
<!-- Generated by org.testng.reporters.JUnitReportReporter -->
<testsuite hostname="Ramakant-Air" name="TestScripts.Tracking.SP_UpgradewithNoCC_TC_66123" tests="2" failures="0" timestamp="9 May 2017 12:47:01 GMT" time="300.248" errors="0">
  <testcase name="test" time="158.101" classname="TestScripts.Tracking.SP_UpgradewithNoCC_TC_66123"/>
  <testcase name="test" time="142.147" classname="TestScripts.Tracking.SP_UpgradewithNoCC_TC_66123"/>
</testsuite> <!-- TestScripts.Tracking.SP_UpgradewithNoCC_TC_66123 -->
