<?xml version="1.0" encoding="UTF-8"?>
<!-- Generated by org.testng.reporters.JUnitReportReporter -->
<testsuite hostname="Ramakant-MacBook-Air.local" name="TestScripts.Tracking.UPSLocationDCOdoesNOTDisplayPhNo_73382" tests="4" failures="0" timestamp="18 Apr 2017 15:49:59 GMT" time="871.290" errors="0">
  <testcase name="test" time="73.290" classname="TestScripts.Tracking.UPSLocationDCOdoesNOTDisplayPhNo_73382"/>
  <testcase name="test2" time="363.533" classname="TestScripts.Tracking.UPSLocationDCOdoesNOTDisplayPhNo_73382"/>
  <testcase name="test" time="363.057" classname="TestScripts.Tracking.UPSLocationDCOdoesNOTDisplayPhNo_73382"/>
  <testcase name="test1" time="71.410" classname="TestScripts.Tracking.UPSLocationDCOdoesNOTDisplayPhNo_73382"/>
</testsuite> <!-- TestScripts.Tracking.UPSLocationDCOdoesNOTDisplayPhNo_73382 -->
