<?xml version="1.0" encoding="UTF-8"?>
<!-- Generated by org.testng.reporters.JUnitReportReporter -->
<testsuite hostname="Ramakant-Air" name="TestScripts.Tracking.DCO_D2R_ApplyReturnToSender_TC_77710" tests="1" failures="0" timestamp="14 Apr 2017 07:47:27 GMT" time="323.435" errors="0">
  <testcase name="validation" time="323.435" classname="TestScripts.Tracking.DCO_D2R_ApplyReturnToSender_TC_77710"/>
</testsuite> <!-- TestScripts.Tracking.DCO_D2R_ApplyReturnToSender_TC_77710 -->
