<?xml version="1.0" encoding="UTF-8"?>
<!-- Generated by org.testng.reporters.JUnitReportReporter -->
<testsuite hostname="Ramakant-Air" name="TestScripts.MembershipInformation.MI_FIlterOptionDisplaysOnPlannerForReactivatedEnrollments_TC_80423" tests="1" failures="0" timestamp="5 May 2017 14:45:48 GMT" time="224.301" errors="0">
  <testcase name="test" time="224.301" classname="TestScripts.MembershipInformation.MI_FIlterOptionDisplaysOnPlannerForReactivatedEnrollments_TC_80423"/>
</testsuite> <!-- TestScripts.MembershipInformation.MI_FIlterOptionDisplaysOnPlannerForReactivatedEnrollments_TC_80423 -->
