<?xml version="1.0" encoding="UTF-8"?>
<!-- Generated by org.testng.reporters.JUnitReportReporter -->
<testsuite hostname="Ramakant-MacBook-Air.local" name="TestScripts.HybridEnrollment.HE_EnrollmentPremiumPromoCode_TC_72461" tests="1" failures="0" timestamp="5 May 2017 06:34:27 GMT" time="883.125" errors="0">
  <testcase name="testMC" time="883.125" classname="TestScripts.HybridEnrollment.HE_EnrollmentPremiumPromoCode_TC_72461"/>
</testsuite> <!-- TestScripts.HybridEnrollment.HE_EnrollmentPremiumPromoCode_TC_72461 -->
