<?xml version="1.0" encoding="UTF-8"?>
<!-- Generated by org.testng.reporters.JUnitReportReporter -->
<testsuite hostname="Ramakant-Air" name="TestScripts.HybridEnrollment.HE_HybridEnrollmentUsingMultiDwellingAddress_TC_72442" tests="1" failures="0" timestamp="13 Apr 2017 06:15:35 GMT" time="483.509" errors="0">
  <testcase name="Validation" time="483.509" classname="TestScripts.HybridEnrollment.HE_HybridEnrollmentUsingMultiDwellingAddress_TC_72442"/>
</testsuite> <!-- TestScripts.HybridEnrollment.HE_HybridEnrollmentUsingMultiDwellingAddress_TC_72442 -->
