<?xml version="1.0" encoding="UTF-8"?>
<!-- Generated by org.testng.reporters.JUnitReportReporter -->
<testsuite hostname="Ramakant-MacBook-Air.local" name="TestScripts.Tracking.TR_RedeliverToOriginalAddress_CA_TC_75487" tests="1" failures="0" timestamp="17 Mar 2017 13:39:04 GMT" time="323.664" errors="0">
  <testcase name="testMC" time="323.664" classname="TestScripts.Tracking.TR_RedeliverToOriginalAddress_CA_TC_75487"/>
</testsuite> <!-- TestScripts.Tracking.TR_RedeliverToOriginalAddress_CA_TC_75487 -->
