<?xml version="1.0" encoding="UTF-8"?>
<!-- Generated by org.testng.reporters.JUnitReportReporter -->
<testsuite hostname="Ramakant-MacBook-Air.local" name="TestScripts.HybridEnrollment.HE_StandardORMayBeEnrollmentCancel_TC_73596" tests="1" failures="0" timestamp="25 Mar 2017 11:56:10 GMT" time="726.749" errors="0">
  <testcase name="validation" time="726.749" classname="TestScripts.HybridEnrollment.HE_StandardORMayBeEnrollmentCancel_TC_73596"/>
</testsuite> <!-- TestScripts.HybridEnrollment.HE_StandardORMayBeEnrollmentCancel_TC_73596 -->
