<?xml version="1.0" encoding="UTF-8"?>
<!-- Generated by org.testng.reporters.JUnitReportReporter -->
<testsuite hostname="Ramakant-Air" name="TestScripts.Filters.TL_VerifyNewOptionPlannerForNewEnrollmentsTracking_80432" tests="1" failures="0" timestamp="5 May 2017 09:08:56 GMT" time="500.119" errors="0">
  <testcase name="test" time="500.119" classname="TestScripts.Filters.TL_VerifyNewOptionPlannerForNewEnrollmentsTracking_80432"/>
</testsuite> <!-- TestScripts.Filters.TL_VerifyNewOptionPlannerForNewEnrollmentsTracking_80432 -->
