<?xml version="1.0" encoding="UTF-8"?>
<!-- Generated by org.testng.reporters.JUnitReportReporter -->
<testsuite hostname="Ramakant-MacBook-Air.local" name="TestScripts.Tracking.DCR_TrackBCDNDeliverAnotherDay_72300" tests="1" failures="0" timestamp="17 Apr 2017 15:39:29 GMT" time="485.212" errors="0">
  <testcase name="test" time="485.212" classname="TestScripts.Tracking.DCR_TrackBCDNDeliverAnotherDay_72300"/>
</testsuite> <!-- TestScripts.Tracking.DCR_TrackBCDNDeliverAnotherDay_72300 -->
