<?xml version="1.0" encoding="UTF-8"?>
<!-- Generated by org.testng.reporters.JUnitReportReporter -->
<testsuite hostname="Ramakant-Air" name="TestScripts.Tracking.SP_SurepostRTS_TC_66074" tests="3" failures="0" timestamp="11 May 2017 10:50:14 GMT" time="297.511" errors="0">
  <testcase name="test" time="73.538" classname="TestScripts.Tracking.SP_SurepostRTS_TC_66074"/>
  <testcase name="test" time="181.187" classname="TestScripts.Tracking.SP_SurepostRTS_TC_66074"/>
  <testcase name="test1" time="42.786" classname="TestScripts.Tracking.SP_SurepostRTS_TC_66074"/>
</testsuite> <!-- TestScripts.Tracking.SP_SurepostRTS_TC_66074 -->
