<?xml version="1.0" encoding="UTF-8"?>
<!-- Generated by org.testng.reporters.JUnitReportReporter -->
<testsuite hostname="Ramakant-Air" name="TestScripts.UPSSetting.TD_SuppressAuthorizeShipmentRelease_TC_72655" tests="2" failures="0" timestamp="9 May 2017 04:59:34 GMT" time="576.630" errors="0">
  <testcase name="test1" time="71.528" classname="TestScripts.UPSSetting.TD_SuppressAuthorizeShipmentRelease_TC_72655"/>
  <testcase name="validation" time="505.102" classname="TestScripts.UPSSetting.TD_SuppressAuthorizeShipmentRelease_TC_72655"/>
</testsuite> <!-- TestScripts.UPSSetting.TD_SuppressAuthorizeShipmentRelease_TC_72655 -->
