<?xml version="1.0" encoding="UTF-8"?>
<!-- Generated by org.testng.reporters.JUnitReportReporter -->
<testsuite hostname="Ramakant-Air" name="TestScripts.Tracking.TR_SaturdayDeliveryDueToAUPSDelay_TC_72224" tests="4" failures="0" timestamp="27 Apr 2017 13:15:31 GMT" time="524.328" errors="0">
  <testcase name="testMCLogin" time="68.973" classname="TestScripts.Tracking.TR_SaturdayDeliveryDueToAUPSDelay_TC_72224"/>
  <testcase name="testPMC" time="191.711" classname="TestScripts.Tracking.TR_SaturdayDeliveryDueToAUPSDelay_TC_72224"/>
  <testcase name="testMC" time="193.962" classname="TestScripts.Tracking.TR_SaturdayDeliveryDueToAUPSDelay_TC_72224"/>
  <testcase name="testPMCLogin" time="69.682" classname="TestScripts.Tracking.TR_SaturdayDeliveryDueToAUPSDelay_TC_72224"/>
</testsuite> <!-- TestScripts.Tracking.TR_SaturdayDeliveryDueToAUPSDelay_TC_72224 -->
