<?xml version="1.0" encoding="UTF-8"?>
<!-- Generated by org.testng.reporters.JUnitReportReporter -->
<testsuite hostname="Ramakant-Air" name="TestScripts.DeliveryChangeOption.RTS_DCRPermittedForDDO_72302" tests="1" failures="0" timestamp="18 Apr 2017 05:30:42 GMT" time="555.848" errors="0">
  <testcase name="testReturnToSender" time="555.848" classname="TestScripts.DeliveryChangeOption.RTS_DCRPermittedForDDO_72302"/>
</testsuite> <!-- TestScripts.DeliveryChangeOption.RTS_DCRPermittedForDDO_72302 -->
