<?xml version="1.0" encoding="UTF-8"?>
<!-- Generated by org.testng.reporters.JUnitReportReporter -->
<testsuite hostname="Ramakant-MacBook-Air.local" name="TestScripts.Tracking.TR_ParcelLockerDelToUPSAPDCOLoggedInUS_TC_72592" tests="4" failures="0" timestamp="6 Apr 2017 13:06:05 GMT" time="817.966" errors="0">
  <testcase name="testPMCUpgradeDCO" time="255.195" classname="TestScripts.Tracking.TR_ParcelLockerDelToUPSAPDCOLoggedInUS_TC_72592"/>
  <testcase name="testMCLogin" time="162.760" classname="TestScripts.Tracking.TR_ParcelLockerDelToUPSAPDCOLoggedInUS_TC_72592"/>
  <testcase name="testPMCLogin" time="159.671" classname="TestScripts.Tracking.TR_ParcelLockerDelToUPSAPDCOLoggedInUS_TC_72592"/>
  <testcase name="testMCUpgradeDCO" time="240.340" classname="TestScripts.Tracking.TR_ParcelLockerDelToUPSAPDCOLoggedInUS_TC_72592"/>
</testsuite> <!-- TestScripts.Tracking.TR_ParcelLockerDelToUPSAPDCOLoggedInUS_TC_72592 -->
