<?xml version="1.0" encoding="UTF-8"?>
<!-- Generated by org.testng.reporters.JUnitReportReporter -->
<testsuite hostname="Ramakant-Air" name="TestScripts.UPSSetting.TD_SuppressAuthorizeSRSignatureOption_TC_72656" tests="2" failures="0" timestamp="9 May 2017 04:14:55 GMT" time="700.509" errors="0">
  <testcase name="validation" time="626.948" classname="TestScripts.UPSSetting.TD_SuppressAuthorizeSRSignatureOption_TC_72656"/>
  <testcase name="test1" time="73.561" classname="TestScripts.UPSSetting.TD_SuppressAuthorizeSRSignatureOption_TC_72656"/>
</testsuite> <!-- TestScripts.UPSSetting.TD_SuppressAuthorizeSRSignatureOption_TC_72656 -->
