<?xml version="1.0" encoding="UTF-8"?>
<!-- Generated by org.testng.reporters.JUnitReportReporter -->
<testsuite hostname="Ramakant-Air" name="TestScripts.UPSSetting.MC_USMCUserChangePhoneLocale_TC_72465" tests="2" failures="0" timestamp="23 Mar 2017 10:20:03 GMT" time="372.123" errors="0">
  <testcase name="testMCLogin" time="63.256" classname="TestScripts.UPSSetting.MC_USMCUserChangePhoneLocale_TC_72465"/>
  <testcase name="testMC" time="308.867" classname="TestScripts.UPSSetting.MC_USMCUserChangePhoneLocale_TC_72465"/>
</testsuite> <!-- TestScripts.UPSSetting.MC_USMCUserChangePhoneLocale_TC_72465 -->
