<?xml version="1.0" encoding="UTF-8"?>
<!-- Generated by org.testng.reporters.JUnitReportReporter -->
<testsuite hostname="Ramakant-Air" name="TestScripts.Tracking.TR_InvalidInfoNoticeNumber_TC_NGTest_15" tests="1" failures="0" timestamp="11 May 2017 06:56:27 GMT" time="47.635" errors="0">
  <testcase name="test" time="47.635" classname="TestScripts.Tracking.TR_InvalidInfoNoticeNumber_TC_NGTest_15"/>
</testsuite> <!-- TestScripts.Tracking.TR_InvalidInfoNoticeNumber_TC_NGTest_15 -->
