<?xml version="1.0" encoding="UTF-8"?>
<!-- Generated by org.testng.reporters.JUnitReportReporter -->
<testsuite hostname="Ramakant-Air" name="TestScripts.DeliveryOptions.DO_UPSRetlLocationIsNOTDisplayedDCO_TC_72355" tests="1" failures="0" timestamp="27 Apr 2017 12:16:34 GMT" time="444.046" errors="0">
  <testcase name="test01" time="444.046" classname="TestScripts.DeliveryOptions.DO_UPSRetlLocationIsNOTDisplayedDCO_TC_72355"/>
</testsuite> <!-- TestScripts.DeliveryOptions.DO_UPSRetlLocationIsNOTDisplayedDCO_TC_72355 -->
