<?xml version="1.0" encoding="UTF-8"?>
<!-- Generated by org.testng.reporters.JUnitReportReporter -->
<testsuite hostname="Ramakant-MacBook-Air.local" name="TestScripts.HybridEnrollment.HE_StopMyChoiceEnrollmentAtIdVerification_TC_72431" tests="2" failures="0" timestamp="30 Mar 2017 12:04:22 GMT" time="262.083" errors="0">
  <testcase name="Validation" time="186.317" classname="TestScripts.HybridEnrollment.HE_StopMyChoiceEnrollmentAtIdVerification_TC_72431"/>
  <testcase name="testUPSLogin1" time="75.766" classname="TestScripts.HybridEnrollment.HE_StopMyChoiceEnrollmentAtIdVerification_TC_72431"/>
</testsuite> <!-- TestScripts.HybridEnrollment.HE_StopMyChoiceEnrollmentAtIdVerification_TC_72431 -->
