<?xml version="1.0" encoding="UTF-8"?>
<!-- Generated by org.testng.reporters.JUnitReportReporter -->
<testsuite hostname="Ramakant-MacBook-Air.local" name="TestScripts.ForgotPasswordChange.FPC_RequestPwdUsingValidUserIdAndInvalidEmail_TC_71837" tests="1" failures="0" timestamp="7 Apr 2017 05:18:05 GMT" time="292.671" errors="0">
  <testcase name="validation" time="292.671" classname="TestScripts.ForgotPasswordChange.FPC_RequestPwdUsingValidUserIdAndInvalidEmail_TC_71837"/>
</testsuite> <!-- TestScripts.ForgotPasswordChange.FPC_RequestPwdUsingValidUserIdAndInvalidEmail_TC_71837 -->
