<?xml version="1.0" encoding="UTF-8"?>
<!-- Generated by org.testng.reporters.JUnitReportReporter -->
<testsuite hostname="Ramakant-MacBook-Air.local" name="TestScripts.Tracking.TR_SurePostLoggedInMC_TC_71926" tests="5" failures="0" timestamp="17 Mar 2017 14:39:34 GMT" time="1529.603" errors="0">
  <testcase name="testPMC" time="168.140" classname="TestScripts.Tracking.TR_SurePostLoggedInMC_TC_71926"/>
  <testcase name="test1" time="440.786" classname="TestScripts.Tracking.TR_SurePostLoggedInMC_TC_71926"/>
  <testcase name="testMCSurepost" time="688.978" classname="TestScripts.Tracking.TR_SurePostLoggedInMC_TC_71926"/>
  <testcase name="testPMCSurepost" time="68.250" classname="TestScripts.Tracking.TR_SurePostLoggedInMC_TC_71926"/>
  <testcase name="testMC" time="163.449" classname="TestScripts.Tracking.TR_SurePostLoggedInMC_TC_71926"/>
</testsuite> <!-- TestScripts.Tracking.TR_SurePostLoggedInMC_TC_71926 -->
