<?xml version="1.0" encoding="UTF-8"?>
<!-- Generated by org.testng.reporters.JUnitReportReporter -->
<testsuite hostname="Ramakant-MacBook-Air.local" name="TestScripts.Alerts.Alerts_71751" tests="2" failures="0" timestamp="18 Apr 2017 11:37:42 GMT" time="1243.206" errors="0">
  <testcase name="testForPremium" time="591.025" classname="TestScripts.Alerts.Alerts_71751"/>
  <testcase name="test" time="652.181" classname="TestScripts.Alerts.Alerts_71751"/>
</testsuite> <!-- TestScripts.Alerts.Alerts_71751 -->
