<?xml version="1.0" encoding="UTF-8"?>
<!-- Generated by org.testng.reporters.JUnitReportReporter -->
<testsuite hostname="Ramakant-MacBook-Air.local" name="TestScripts.Alerts.Alerts_72367" tests="2" failures="0" timestamp="19 Apr 2017 09:26:01 GMT" time="1837.281" errors="0">
  <testcase name="test" time="955.585" classname="TestScripts.Alerts.Alerts_72367"/>
  <testcase name="testForPremium" time="881.696" classname="TestScripts.Alerts.Alerts_72367"/>
</testsuite> <!-- TestScripts.Alerts.Alerts_72367 -->
