<?xml version="1.0" encoding="UTF-8"?>
<!-- Generated by org.testng.reporters.JUnitReportReporter -->
<testsuite hostname="Ramakant-Air" name="TestScripts.Tracking.DC_NonUSMC_LWN_TC_77555" tests="3" failures="0" timestamp="11 May 2017 11:41:35 GMT" time="632.978" errors="0">
  <testcase name="test" time="69.110" classname="TestScripts.Tracking.DC_NonUSMC_LWN_TC_77555"/>
  <testcase name="test1" time="385.181" classname="TestScripts.Tracking.DC_NonUSMC_LWN_TC_77555"/>
  <testcase name="test" time="178.687" classname="TestScripts.Tracking.DC_NonUSMC_LWN_TC_77555"/>
</testsuite> <!-- TestScripts.Tracking.DC_NonUSMC_LWN_TC_77555 -->
