<?xml version="1.0" encoding="UTF-8"?>
<!-- Generated by org.testng.reporters.JUnitReportReporter -->
<testsuite hostname="Ramakant-Air" name="TestScripts.Tracking.SP_COD_NoDeliverytoAnotherDay_TC_66097" tests="3" failures="0" timestamp="9 May 2017 13:11:03 GMT" time="329.009" errors="0">
  <testcase name="test" time="70.832" classname="TestScripts.Tracking.SP_COD_NoDeliverytoAnotherDay_TC_66097"/>
  <testcase name="test" time="178.287" classname="TestScripts.Tracking.SP_COD_NoDeliverytoAnotherDay_TC_66097"/>
  <testcase name="test1" time="79.890" classname="TestScripts.Tracking.SP_COD_NoDeliverytoAnotherDay_TC_66097"/>
</testsuite> <!-- TestScripts.Tracking.SP_COD_NoDeliverytoAnotherDay_TC_66097 -->
