<?xml version="1.0" encoding="UTF-8"?>
<!-- Generated by org.testng.reporters.JUnitReportReporter -->
<testsuite hostname="Ramakant-Air" name="TestScripts.Tracking.SP_Multipckg_LWN_TC_66060" tests="5" failures="0" timestamp="11 May 2017 11:10:17 GMT" time="715.334" errors="0">
  <testcase name="test1" time="208.160" classname="TestScripts.Tracking.SP_Multipckg_LWN_TC_66060"/>
  <testcase name="test1" time="171.208" classname="TestScripts.Tracking.SP_Multipckg_LWN_TC_66060"/>
  <testcase name="test" time="180.412" classname="TestScripts.Tracking.SP_Multipckg_LWN_TC_66060"/>
  <testcase name="test" time="72.555" classname="TestScripts.Tracking.SP_Multipckg_LWN_TC_66060"/>
  <testcase name="test1" time="82.999" classname="TestScripts.Tracking.SP_Multipckg_LWN_TC_66060"/>
</testsuite> <!-- TestScripts.Tracking.SP_Multipckg_LWN_TC_66060 -->
