<?xml version="1.0" encoding="UTF-8"?>
<!-- Generated by org.testng.reporters.JUnitReportReporter -->
<testsuite hostname="Ramakant-MacBook-Air.local" name="TestScripts.ForgotPasswordChange.FPC_AfterRequestingTempPwdLogsInWithOriginalPwd_TC_72170" tests="1" failures="0" timestamp="7 Apr 2017 06:23:37 GMT" time="362.154" errors="0">
  <testcase name="validation" time="362.154" classname="TestScripts.ForgotPasswordChange.FPC_AfterRequestingTempPwdLogsInWithOriginalPwd_TC_72170"/>
</testsuite> <!-- TestScripts.ForgotPasswordChange.FPC_AfterRequestingTempPwdLogsInWithOriginalPwd_TC_72170 -->
