<?xml version="1.0" encoding="UTF-8"?>
<!-- Generated by org.testng.reporters.JUnitReportReporter -->
<testsuite hostname="Ramakant-Air" name="TestScripts.Tracking.SP_DCO_NoModification_TC_66102" tests="2" failures="0" timestamp="11 May 2017 10:34:30 GMT" time="239.605" errors="0">
  <testcase name="test" time="71.448" classname="TestScripts.Tracking.SP_DCO_NoModification_TC_66102"/>
  <testcase name="test" time="168.157" classname="TestScripts.Tracking.SP_DCO_NoModification_TC_66102"/>
</testsuite> <!-- TestScripts.Tracking.SP_DCO_NoModification_TC_66102 -->
