<?xml version="1.0" encoding="UTF-8"?>
<!-- Generated by org.testng.reporters.JUnitReportReporter -->
<testsuite hostname="Ramakant-MacBook-Air.local" name="TestScripts.UPSSetting.Setting_NewDeliveryPlannerMultipleEnrollment_TC_71555" tests="2" failures="0" timestamp="31 Mar 2017 07:22:13 GMT" time="175.172" errors="0">
  <testcase name="test1" time="121.169" classname="TestScripts.UPSSetting.Setting_NewDeliveryPlannerMultipleEnrollment_TC_71555"/>
  <testcase name="test" time="54.003" classname="TestScripts.UPSSetting.Setting_NewDeliveryPlannerMultipleEnrollment_TC_71555"/>
</testsuite> <!-- TestScripts.UPSSetting.Setting_NewDeliveryPlannerMultipleEnrollment_TC_71555 -->
